2023-08-06 03:36:11.332280 - Initialized conversion of CBT354
2023-08-06 03:36:12.357457 - Received CBT.V505.FILE354.PDS from FILE354.XMI 
2023-08-06 03:36:12.359902 - Found $$$$$DOC.txt (text/plain) in CBT.V505.FILE354.PDS, moved to PDS/$$$$$DOC
2023-08-06 03:36:12.360909 - Found $$$#DATE.txt (text/plain) in CBT.V505.FILE354.PDS, moved to PDS/$$$#DATE
2023-08-06 03:36:12.361825 - Found $$DOCBAC.txt (text/plain) in CBT.V505.FILE354.PDS, moved to PDS/$$DOCBAC
2023-08-06 03:36:12.362724 - Found $$DOCDIS.txt (text/plain) in CBT.V505.FILE354.PDS, moved to PDS/$$DOCDIS
2023-08-06 03:36:12.363664 - Found $ASM.jcl (text/plain) in CBT.V505.FILE354.PDS, moved to PDS/$ASM
2023-08-06 03:36:12.364776 - Found $REQU.txt (text/plain) in CBT.V505.FILE354.PDS, moved to PDS/$REQU
2023-08-06 03:36:12.365753 - Found @FILE354.txt (text/plain) in CBT.V505.FILE354.PDS, moved to PDS/@FILE354
2023-08-06 03:36:12.366793 - Found A31BITMD.jcl (text/plain) in CBT.V505.FILE354.PDS, moved to PDS/A31BITMD
2023-08-06 03:36:12.367930 - Found BACKDSNS.jcl (text/plain) in CBT.V505.FILE354.PDS, moved to PDS/BACKDSNS
2023-08-06 03:36:12.369037 - Found BACKSAMP.jcl (text/plain) in CBT.V505.FILE354.PDS, moved to PDS/BACKSAMP
2023-08-06 03:36:12.370013 - Found BACKSAM2.jcl (text/plain) in CBT.V505.FILE354.PDS, moved to PDS/BACKSAM2
2023-08-06 03:36:12.370897 - Found BLNKSCRN.txt (text/plain) in CBT.V505.FILE354.PDS, moved to PDS/BLNKSCRN
2023-08-06 03:36:12.371817 - Found CALLIDC.jcl (text/plain) in CBT.V505.FILE354.PDS, moved to PDS/CALLIDC
2023-08-06 03:36:12.372745 - Found CALLIDCT.jcl (text/plain) in CBT.V505.FILE354.PDS, moved to PDS/CALLIDCT
2023-08-06 03:36:12.373700 - Found CBTJCL.jcl (text/plain) in CBT.V505.FILE354.PDS, moved to PDS/CBTJCL
2023-08-06 03:36:12.374714 - Found CDSCB.jcl (text/plain) in CBT.V505.FILE354.PDS, moved to PDS/CDSCB
2023-08-06 03:36:12.375655 - Found CHKOTMA.jcl (text/plain) in CBT.V505.FILE354.PDS, moved to PDS/CHKOTMA
2023-08-06 03:36:12.376491 - Found CHKOTMAR.rexx (text/plain) in CBT.V505.FILE354.PDS, moved to PDS/CHKOTMAR
2023-08-06 03:36:12.377354 - Found CLIST.txt (text/plain) in CBT.V505.FILE354.PDS, moved to PDS/CLIST
2023-08-06 03:36:12.378472 - Found CLIST2.txt (text/plain) in CBT.V505.FILE354.PDS, moved to PDS/CLIST2
2023-08-06 03:36:12.379680 - Found DATEFB.jcl (text/plain) in CBT.V505.FILE354.PDS, moved to PDS/DATEFB
2023-08-06 03:36:12.380681 - Found DATEFBJ.jcl (text/plain) in CBT.V505.FILE354.PDS, moved to PDS/DATEFBJ
2023-08-06 03:36:12.381883 - Found DATEVB.jcl (text/plain) in CBT.V505.FILE354.PDS, moved to PDS/DATEVB
2023-08-06 03:36:12.382805 - Found DATEVBJ.jcl (text/plain) in CBT.V505.FILE354.PDS, moved to PDS/DATEVBJ
2023-08-06 03:36:12.383659 - Found DAYDATE.jcl (text/plain) in CBT.V505.FILE354.PDS, moved to PDS/DAYDATE
2023-08-06 03:36:12.384529 - Found DELMEMS.jcl (text/plain) in CBT.V505.FILE354.PDS, moved to PDS/DELMEMS
2023-08-06 03:36:12.385390 - Found DELMEMSJ.jcl (text/plain) in CBT.V505.FILE354.PDS, moved to PDS/DELMEMSJ
2023-08-06 03:36:12.386402 - Found DISALINK.jcl (text/plain) in CBT.V505.FILE354.PDS, moved to PDS/DISALINK
2023-08-06 03:36:12.387502 - Found DISASM.jcl (text/plain) in CBT.V505.FILE354.PDS, moved to PDS/DISASM
2023-08-06 03:36:12.388555 - Found DISASM1.jcl (text/plain) in CBT.V505.FILE354.PDS, moved to PDS/DISASM1
2023-08-06 03:36:12.389605 - Found DISASM2.jcl (text/plain) in CBT.V505.FILE354.PDS, moved to PDS/DISASM2
2023-08-06 03:36:12.390545 - Found DISASM3A.txt (text/plain) in CBT.V505.FILE354.PDS, moved to PDS/DISASM3A
2023-08-06 03:36:12.391476 - Found DISASM3B.txt (text/plain) in CBT.V505.FILE354.PDS, moved to PDS/DISASM3B
2023-08-06 03:36:12.392323 - Found DISASPRM.txt (text/plain) in CBT.V505.FILE354.PDS, moved to PDS/DISASPRM
2023-08-06 03:36:12.393289 - Found DISASRUN.jcl (text/plain) in CBT.V505.FILE354.PDS, moved to PDS/DISASRUN
2023-08-06 03:36:12.394299 - Found DSB.rexx (text/plain) in CBT.V505.FILE354.PDS, moved to PDS/DSB
2023-08-06 03:36:12.395673 - Found DSPACE.jcl (text/plain) in CBT.V505.FILE354.PDS, moved to PDS/DSPACE
2023-08-06 03:36:12.396601 - Found ENQ.jcl (text/plain) in CBT.V505.FILE354.PDS, moved to PDS/ENQ
2023-08-06 03:36:12.397695 - Found FILEDUMJ.jcl (text/plain) in CBT.V505.FILE354.PDS, moved to PDS/FILEDUMJ
2023-08-06 03:36:12.397708 - Found FILEDUMP.bin containing application/octet-stream, moved to PDS/FILEDUMP
2023-08-06 03:36:12.399827 - Found FREEALL.jcl (text/plain) in CBT.V505.FILE354.PDS, moved to PDS/FREEALL
2023-08-06 03:36:12.400707 - Found GENQ.jcl (text/plain) in CBT.V505.FILE354.PDS, moved to PDS/GENQ
2023-08-06 03:36:12.401659 - Found GENQCLST.txt (text/plain) in CBT.V505.FILE354.PDS, moved to PDS/GENQCLST
2023-08-06 03:36:12.402684 - Found GETDSNS.jcl (text/plain) in CBT.V505.FILE354.PDS, moved to PDS/GETDSNS
2023-08-06 03:36:12.403648 - Found GETDSNSJ.jcl (text/plain) in CBT.V505.FILE354.PDS, moved to PDS/GETDSNSJ
2023-08-06 03:36:12.404591 - Found HALLDUMP.jcl (text/plain) in CBT.V505.FILE354.PDS, moved to PDS/HALLDUMP
2023-08-06 03:36:12.405646 - Found HDUMP.txt (text/plain) in CBT.V505.FILE354.PDS, moved to PDS/HDUMP
2023-08-06 03:36:12.406603 - Found HLASMC.txt (text/plain) in CBT.V505.FILE354.PDS, moved to PDS/HLASMC
2023-08-06 03:36:12.407516 - Found HLASMCL.txt (text/plain) in CBT.V505.FILE354.PDS, moved to PDS/HLASMCL
2023-08-06 03:36:12.408503 - Found HOWBACK.txt (text/plain) in CBT.V505.FILE354.PDS, moved to PDS/HOWBACK
2023-08-06 03:36:12.409465 - Found HOWDISAS.jcl (text/plain) in CBT.V505.FILE354.PDS, moved to PDS/HOWDISAS
2023-08-06 03:36:12.410360 - Found HOWFDUMP.jcl (text/plain) in CBT.V505.FILE354.PDS, moved to PDS/HOWFDUMP
2023-08-06 03:36:12.411322 - Found HOWHDUMP.txt (text/plain) in CBT.V505.FILE354.PDS, moved to PDS/HOWHDUMP
2023-08-06 03:36:12.412228 - Found HOWPRINT.jcl (text/plain) in CBT.V505.FILE354.PDS, moved to PDS/HOWPRINT
2023-08-06 03:36:12.413151 - Found HOWSETDT.txt (text/plain) in CBT.V505.FILE354.PDS, moved to PDS/HOWSETDT
2023-08-06 03:36:12.414029 - Found HOWTCOPY.jcl (text/plain) in CBT.V505.FILE354.PDS, moved to PDS/HOWTCOPY
2023-08-06 03:36:12.415114 - Found HOWVSPLT.jcl (text/plain) in CBT.V505.FILE354.PDS, moved to PDS/HOWVSPLT
2023-08-06 03:36:12.416057 - Found IUTDEL.jcl (text/plain) in CBT.V505.FILE354.PDS, moved to PDS/IUTDEL
2023-08-06 03:36:12.416882 - Found IUTDELJ.jcl (text/plain) in CBT.V505.FILE354.PDS, moved to PDS/IUTDELJ
2023-08-06 03:36:12.417749 - Found JDATE.jcl (text/plain) in CBT.V505.FILE354.PDS, moved to PDS/JDATE
2023-08-06 03:36:12.418757 - Found JOBNAME.jcl (text/plain) in CBT.V505.FILE354.PDS, moved to PDS/JOBNAME
2023-08-06 03:36:12.419732 - Found LINKDATE.jcl (text/plain) in CBT.V505.FILE354.PDS, moved to PDS/LINKDATE
2023-08-06 03:36:12.420655 - Found LINKDATJ.jcl (text/plain) in CBT.V505.FILE354.PDS, moved to PDS/LINKDATJ
2023-08-06 03:36:12.421674 - Found MACROS.txt (text/plain) in CBT.V505.FILE354.PDS, moved to PDS/MACROS
2023-08-06 03:36:12.422648 - Found MEMLIST.jcl (text/plain) in CBT.V505.FILE354.PDS, moved to PDS/MEMLIST
2023-08-06 03:36:12.423538 - Found MEMLISTJ.jcl (text/plain) in CBT.V505.FILE354.PDS, moved to PDS/MEMLISTJ
2023-08-06 03:36:12.424413 - Found MOD.txt (text/plain) in CBT.V505.FILE354.PDS, moved to PDS/MOD
2023-08-06 03:36:12.425355 - Found OLDDOC.txt (text/plain) in CBT.V505.FILE354.PDS, moved to PDS/OLDDOC
2023-08-06 03:36:12.426295 - Found PGMDATEJ.jcl (text/plain) in CBT.V505.FILE354.PDS, moved to PDS/PGMDATEJ
2023-08-06 03:36:12.427146 - Found PRINTDOC.jcl (text/plain) in CBT.V505.FILE354.PDS, moved to PDS/PRINTDOC
2023-08-06 03:36:12.427958 - Found REQU.txt (text/plain) in CBT.V505.FILE354.PDS, moved to PDS/REQU
2023-08-06 03:36:12.428774 - Found RUNDIS.jcl (text/plain) in CBT.V505.FILE354.PDS, moved to PDS/RUNDIS
2023-08-06 03:36:12.429660 - Found SETDATE.jcl (text/plain) in CBT.V505.FILE354.PDS, moved to PDS/SETDATE
2023-08-06 03:36:12.430786 - Found SETDATEC.jcl (text/plain) in CBT.V505.FILE354.PDS, moved to PDS/SETDATEC
2023-08-06 03:36:12.431680 - Found SETDATEJ.jcl (text/plain) in CBT.V505.FILE354.PDS, moved to PDS/SETDATEJ
2023-08-06 03:36:12.432572 - Found SMFEXIT.jcl (text/plain) in CBT.V505.FILE354.PDS, moved to PDS/SMFEXIT
2023-08-06 03:36:12.433457 - Found SUBEDIT.jcl (text/plain) in CBT.V505.FILE354.PDS, moved to PDS/SUBEDIT
2023-08-06 03:36:12.434313 - Found SUBEDITJ.txt (text/plain) in CBT.V505.FILE354.PDS, moved to PDS/SUBEDITJ
2023-08-06 03:36:12.434322 - Found SVLNK.bin containing application/octet-stream, moved to PDS/SVLNK
2023-08-06 03:36:12.435934 - Found SYSIN.txt (text/plain) in CBT.V505.FILE354.PDS, moved to PDS/SYSIN
2023-08-06 03:36:12.436824 - Found TAPECOPJ.jcl (text/plain) in CBT.V505.FILE354.PDS, moved to PDS/TAPECOPJ
2023-08-06 03:36:12.436833 - Found TAPECOPY.bin containing application/octet-stream, moved to PDS/TAPECOPY
2023-08-06 03:36:12.438959 - Found VSPLIT.jcl (text/plain) in CBT.V505.FILE354.PDS, moved to PDS/VSPLIT
2023-08-06 03:36:12.439850 - Found VSPLITJ.jcl (text/plain) in CBT.V505.FILE354.PDS, moved to PDS/VSPLITJ
2023-08-06 03:36:12.440788 - Found WHOAMI.jcl (text/plain) in CBT.V505.FILE354.PDS, moved to PDS/WHOAMI
2023-08-06 03:36:12.441767 - Found YRDOC.txt (text/plain) in CBT.V505.FILE354.PDS, moved to PDS/YRDOC
2023-08-06 03:36:12.442735 - Found YR2000.jcl (text/plain) in CBT.V505.FILE354.PDS, moved to PDS/YR2000
2023-08-06 03:36:12.443596 - Found YR2000J.jcl (text/plain) in CBT.V505.FILE354.PDS, moved to PDS/YR2000J
2023-08-06 03:36:12.444408 - Found ZELLERS.txt (text/plain) in CBT.V505.FILE354.PDS, moved to PDS/ZELLERS
